2017-12-17T00:22:52.329+0800 I CONTROL  [initandlisten] MongoDB starting : pid=73423 port=27017 dbpath=/usr/local/var/mongodb 64-bit host=zhangyunfengdeMacBook-Pro.local
2017-12-17T00:22:52.329+0800 I CONTROL  [initandlisten] db version v3.4.7
2017-12-17T00:22:52.329+0800 I CONTROL  [initandlisten] git version: cf38c1b8a0a8dca4a11737581beafef4fe120bcd
2017-12-17T00:22:52.329+0800 I CONTROL  [initandlisten] OpenSSL version: OpenSSL 1.0.2l  25 May 2017
2017-12-17T00:22:52.329+0800 I CONTROL  [initandlisten] allocator: system
2017-12-17T00:22:52.329+0800 I CONTROL  [initandlisten] modules: none
2017-12-17T00:22:52.329+0800 I CONTROL  [initandlisten] build environment:
2017-12-17T00:22:52.329+0800 I CONTROL  [initandlisten]     distarch: x86_64
2017-12-17T00:22:52.329+0800 I CONTROL  [initandlisten]     target_arch: x86_64
2017-12-17T00:22:52.330+0800 I CONTROL  [initandlisten] options: { security: { authorization: "enabled" }, storage: { dbPath: "/usr/local/var/mongodb" } }
2017-12-17T00:22:52.331+0800 I STORAGE  [initandlisten] wiredtiger_open config: create,cache_size=3584M,session_max=20000,eviction=(threads_min=4,threads_max=4),config_base=false,statistics=(fast),log=(enabled=true,archive=true,path=journal,compressor=snappy),file_manager=(close_idle_time=100000),checkpoint=(wait=60,log_size=2GB),statistics_log=(wait=0),
2017-12-17T00:22:52.466+0800 I FTDC     [initandlisten] Initializing full-time diagnostic data capture with directory '/usr/local/var/mongodb/diagnostic.data'
2017-12-17T00:22:52.495+0800 I INDEX    [initandlisten] build index on: admin.system.version properties: { v: 2, key: { version: 1 }, name: "incompatible_with_version_32", ns: "admin.system.version" }
2017-12-17T00:22:52.495+0800 I INDEX    [initandlisten] 	 building index using bulk method; build may temporarily use up to 500 megabytes of RAM
2017-12-17T00:22:52.499+0800 I INDEX    [initandlisten] build index done.  scanned 0 total records. 0 secs
2017-12-17T00:22:52.499+0800 I COMMAND  [initandlisten] setting featureCompatibilityVersion to 3.4
2017-12-17T00:22:52.499+0800 I NETWORK  [thread1] waiting for connections on port 27017
2017-12-17T00:22:58.106+0800 I CONTROL  [initandlisten] MongoDB starting : pid=73459 port=27017 dbpath=/usr/local/var/mongodb 64-bit host=zhangyunfengdeMacBook-Pro.local
2017-12-17T00:22:58.106+0800 I CONTROL  [initandlisten] db version v3.4.7
2017-12-17T00:22:58.106+0800 I CONTROL  [initandlisten] git version: cf38c1b8a0a8dca4a11737581beafef4fe120bcd
2017-12-17T00:22:58.106+0800 I CONTROL  [initandlisten] OpenSSL version: OpenSSL 1.0.2l  25 May 2017
2017-12-17T00:22:58.106+0800 I CONTROL  [initandlisten] allocator: system
2017-12-17T00:22:58.107+0800 I CONTROL  [initandlisten] modules: none
2017-12-17T00:22:58.107+0800 I CONTROL  [initandlisten] build environment:
2017-12-17T00:22:58.107+0800 I CONTROL  [initandlisten]     distarch: x86_64
2017-12-17T00:22:58.107+0800 I CONTROL  [initandlisten]     target_arch: x86_64
2017-12-17T00:22:58.107+0800 I CONTROL  [initandlisten] options: { security: { authorization: "enabled" }, storage: { dbPath: "/usr/local/var/mongodb" } }
2017-12-17T00:22:58.109+0800 I STORAGE  [initandlisten] exception in initAndListen: 98 Unable to lock file: /usr/local/var/mongodb/mongod.lock Resource temporarily unavailable. Is a mongod instance already running?, terminating
2017-12-17T00:22:58.109+0800 I NETWORK  [initandlisten] shutdown: going to close listening sockets...
2017-12-17T00:22:58.109+0800 I NETWORK  [initandlisten] shutdown: going to flush diaglog...
2017-12-17T00:22:58.109+0800 I CONTROL  [initandlisten] now exiting
2017-12-17T00:22:58.109+0800 I CONTROL  [initandlisten] shutting down with code:100
2017-12-17T00:23:07.605+0800 I CONTROL  [initandlisten] MongoDB starting : pid=73502 port=27017 dbpath=/usr/local/var/mongodb 64-bit host=zhangyunfengdeMacBook-Pro.local
2017-12-17T00:23:07.605+0800 I CONTROL  [initandlisten] db version v3.4.7
2017-12-17T00:23:07.605+0800 I CONTROL  [initandlisten] git version: cf38c1b8a0a8dca4a11737581beafef4fe120bcd
2017-12-17T00:23:07.605+0800 I CONTROL  [initandlisten] OpenSSL version: OpenSSL 1.0.2l  25 May 2017
2017-12-17T00:23:07.605+0800 I CONTROL  [initandlisten] allocator: system
2017-12-17T00:23:07.605+0800 I CONTROL  [initandlisten] modules: none
2017-12-17T00:23:07.605+0800 I CONTROL  [initandlisten] build environment:
2017-12-17T00:23:07.605+0800 I CONTROL  [initandlisten]     distarch: x86_64
2017-12-17T00:23:07.605+0800 I CONTROL  [initandlisten]     target_arch: x86_64
2017-12-17T00:23:07.605+0800 I CONTROL  [initandlisten] options: { security: { authorization: "enabled" }, storage: { dbPath: "/usr/local/var/mongodb" } }
2017-12-17T00:23:07.605+0800 I STORAGE  [initandlisten] exception in initAndListen: 98 Unable to lock file: /usr/local/var/mongodb/mongod.lock Resource temporarily unavailable. Is a mongod instance already running?, terminating
2017-12-17T00:23:07.605+0800 I NETWORK  [initandlisten] shutdown: going to close listening sockets...
2017-12-17T00:23:07.605+0800 I NETWORK  [initandlisten] shutdown: going to flush diaglog...
2017-12-17T00:23:07.606+0800 I CONTROL  [initandlisten] now exiting
2017-12-17T00:23:07.606+0800 I CONTROL  [initandlisten] shutting down with code:100
2017-12-17T13:04:10.604+0800 I COMMAND  [PeriodicTaskRunner] task: DBConnectionPool-cleaner took: 123ms
